MPASM 03.90 Released                             EMISSION.ASM   5-30-2017  15:30:39         PAGE  1


LOC  OBJECT CODE     LINE SOURCE TEXT
  VALUE

                      00001 ;**********************************************************************
                      00002 ;   Ce fichier est la base de départ pour une programmation avec      *
                      00003 ;   le PIC 16F84. Il contient  les informations de  base pour         *
                      00004 ;   démarrer.                                                         *  
                      00005 ;                                                                     *
                      00006 ;   Si les interruptions ne sont pas utilisées, supprimez les lignes  *
                      00007 ;   entre ORG 0x004 et l'étiquette init. De plus, les variables       *
                      00008 ;   w_temp et status_temp peuvent être supprimées.                    *
                      00009 ;                                                                     *
                      00010 ;**********************************************************************
                      00011 ;                                                                     *
                      00012 ;    NOM:                                                             *
                      00013 ;    Date:                                                            *
                      00014 ;    Version:                                                         *
                      00015 ;    Circuit:                                                         *
                      00016 ;    Auteur:                                                          *
                      00017 ;                                                                     *
                      00018 ;**********************************************************************
                      00019 ;                                                                     *
                      00020 ;    Fichier requis: P16F84.inc                                       *
                      00021 ;                                                                     *
                      00022 ;                                                                     *
                      00023 ;                                                                     *
                      00024 ;**********************************************************************
                      00025 ;                                                                     *
                      00026 ;    Notes:                                                           *
                      00027 ;                                                                     *
                      00028 ;                                                                     *
                      00029 ;                                                                     *
                      00030 ;                                                                     *
                      00031 ;**********************************************************************
                      00032 
                      00033 
                      00034     LIST      p=16F84             ; Définition de processeur
                      00035     #include <p16F84.inc>         ; Définitions des constantes
                      00001         LIST
                      00002 ; P16F84.INC  Standard Header File, Version 2.00    Microchip Technology, Inc.
                      00136         LIST
                      00036     radix dec                     ; on travaille en décimal par défaut
                      00037 
2007   3FF1           00038     __CONFIG   _CP_OFF & _WDT_OFF & _PWRTE_ON & _XT_OSC
                      00039 
                      00040 ; '__CONFIG' précise les paramètres encodés dans le processeur au moment de
                      00041 ; la programmation. Les définitions sont dans le fichier include.
                      00042 ; Voici les valeurs et leurs définitions :
                      00043 ;    _CP_ON                Code protection ON : impossible de relire
                      00044 ;    _CP_OFF                Code protection OFF
                      00045 ;    _PWRTE_ON            Timer reset sur power on en service
                      00046 ;    _PWRTE_OFF            Timer reset hors-service
                      00047 ;    _WDT_ON                Watch-dog en service
                      00048 ;    _WDT_OFF            Watch-dog hors service
                      00049 ;    _LP_OSC                Oscillateur quartz basse vitesse
                      00050 ;    _XT_OSC                Oscillateur quartz moyenne vitesse
MPASM 03.90 Released                             EMISSION.ASM   5-30-2017  15:30:39         PAGE  2


LOC  OBJECT CODE     LINE SOURCE TEXT
  VALUE

                      00051 ;    _HS_OSC                Oscillateur quartz grande vitesse
                      00052 ;    _RC_OSC                Oscillateur à réseau RC
                      00053 
                      00054 ;*********************************************************************
                      00055 ;                              ASSIGNATIONS                          *
                      00056 ;*********************************************************************
                      00057 
  00000040            00058 OPTIONVAL    EQU    H'40'            ; Valeur registre option
                      00059                                 ; Résistance pull-up ON
                      00060                                 ; Interrupt flanc montant RB0
                      00061                                 ; Préscaler timer à 2 (exemple)
                      00062 
  00000090            00063 INTERMASK    EQU    H'90'         ; Masque d'interruption
                      00064                                 ; Interruptions sur RB0 (exemple)
                      00065 
                      00066 
                      00067 ;*********************************************************************
                      00068 ;                   DECLARATIONS DE VARIABLES                        *
                      00069 ;*********************************************************************
                      00070 
                      00071 ;exemples
                      00072 ;---------
                      00073     CBLOCK 0x00C                   ; début de la zone variables
  0000000C            00074     w_temp :1                    ; Zone de 1 byte
  0000000D            00075     status_temp : 1                ; zone de 1 byte
  0000000E            00076     cmpt1                     ; compteur de boucles 1
  0000000F            00077     cmpt2                      ; compteur de boucles 2
  00000010            00078     cmpt3                     ; compteur de boucles 3
  00000011            00079     cmpt4                     ; compteur pour nb message
  00000012            00080         nbfront 
                      00081     ENDC                        ; Fin de la zone                        
                      00082 
                      00083 ;**********************************************************************
                      00084 ;                      DEMARRAGE SUR RESET                            *
                      00085 ;**********************************************************************
                      00086 
0000                  00087     org 0x000                     ; Adresse de départ après reset
0000   2801           00088       goto    init                ; Adresse 0: initialiser
                      00089 
                      00090 ;**********************************************************************
                      00091 ;                     ROUTINE INTERRUPTION                            *
                      00092 ;**********************************************************************
                      00093 
                      00094 
                      00095 
                      00096 ;*********************************************************************
                      00097 ;                       INITIALISATIONS                              *
                      00098 ;*********************************************************************
                      00099 
0001                  00100 init
0001   1283           00101     bcf        STATUS,RP0            ; sélectionner banque 0
0002   0185           00102     clrf        PORTA                ; Sorties portA à 0
0003   0186           00103     clrf        PORTB                ; sorties portB à 0
MPASM 03.90 Released                             EMISSION.ASM   5-30-2017  15:30:39         PAGE  3


LOC  OBJECT CODE     LINE SOURCE TEXT
  VALUE

0004   1683           00104     bsf        STATUS,RP0            ; sélectionner banque 1
Message[302]: Register in operand not in bank 0.  Ensure that bank bits are correct.
0005   1405           00105     bsf        TRISA,0                ;entrée
Message[302]: Register in operand not in bank 0.  Ensure that bank bits are correct.
0006   1485           00106     bsf        TRISA,1                ;entrée
Message[302]: Register in operand not in bank 0.  Ensure that bank bits are correct.
0007   1505           00107     bsf        TRISA,2                ;entrée
Message[302]: Register in operand not in bank 0.  Ensure that bank bits are correct.
0008   1386           00108     bcf        TRISB,7                ;sortie
0009   1283           00109     bcf        STATUS,RP0            ; sélectionner banque 0
000A   281D           00110     goto start
                      00111 
                      00112 
                      00113 
                      00114 ;*********************************************************************
                      00115 ; SOUS-ROUTINE DE TEMPORISATION *
                      00116 ;*********************************************************************
                      00117 ;-------------------------------------------------------------------
                      00118 ; Cette sous-routine introduit un retard de 500 µs. = 0.5ms = 166
                      00119 ; Elle ne reçoit aucun paramètre et n'en retourne aucun
                      00120 ;---------------------------------------------------------------------
000B                  00121 tempo   ;0.5ms
000B   30A6           00122         movlw 166
000C   0091           00123         movwf cmpt4
000D                  00124 boucle4
000D   0000           00125         nop                                                     
000E   0B91           00126         decfsz  cmpt4,f 
000F   280D           00127         goto boucle4
0010   0008           00128         return
                      00129 
0011                  00130 tempo2 ;0.5s
0011   3002           00131         movlw   2                                       ; pour 2 boucles
0012   0090           00132         movwf   cmpt3                           ; initialiser compteur3
0013                  00133 boucle3
0013   018F           00134         clrf    cmpt2                           ; effacer compteur2
0014                  00135 boucle2
0014   018E           00136         clrf    cmpt1                           ; effacer compteur1
0015                  00137 boucle1
0015   0000           00138         nop                                                     ; perdre 1 cycle
0016   0B8E           00139         decfsz  cmpt1,f                         ; décrémenter compteur1
0017   2815           00140         goto    boucle1                         ; si pas 0, boucler     
0018   0B8F           00141         decfsz  cmpt2,f                         ; si 0, décrémenter compteur 2
0019   2814           00142         goto    boucle2                         ; si cmpt2 pas 0, recommencer boucle1
001A   0B90           00143         decfsz  cmpt3,f                         ; si 0, décrémenter compteur 3
001B   2813           00144         goto    boucle3                         ; si cmpt3 pas 0, recommencer boucle2
001C   0008           00145         return                                          ; retour de la sous-routine
                      00146 
                      00147 
                      00148 ;*********************************************************************
                      00149 ;                      PROGRAMME PRINCIPAL                           *
                      00150 ;*********************************************************************
                      00151 
001D                  00152 start
MPASM 03.90 Released                             EMISSION.ASM   5-30-2017  15:30:39         PAGE  4


LOC  OBJECT CODE     LINE SOURCE TEXT
  VALUE

001D   1C05           00153         btfss PORTA, 0    ;RA0 = 1
001E   2820           00154         goto reculer_droite   ;RA0 = 0
001F   2823           00155         goto avancer_gauche_stop
                      00156 
0020                  00157 reculer_droite       ; RA0 = 0
0020   1C85           00158         btfss PORTA, 1  ;  RA1 = 1
0021   2829           00159         goto droite ;RA1 = 0
0022   282C           00160         goto reculer
                      00161 
0023                  00162 avancer_gauche_stop   ;RA0=1
0023   1C85           00163         btfss PORTA, 1    
0024   2826           00164         goto avancer_stop   ;RA1 = 0
0025   282F           00165         goto gauche ;RA1 = 1 
                      00166 
0026                  00167 avancer_stop  ; RA0 = 1 RA1 = 0
                      00168         ;call tempo
0026   1D05           00169         btfss PORTA, 2   ;RA2 = 1
0027   2841           00170         goto avancer_front   ;RA2 = 0
0028   286E           00171         goto stop_front
                      00172 
0029                  00173 droite   ;RA0 = 0 RA1 = 0
0029   1D05           00174         btfss PORTA, 2    ; RA2 = 1
002A   281D           00175         goto start
002B   285F           00176         goto droite_front
                      00177 
002C                  00178 reculer    ;RA0 = 0 RA1 = 1
002C   1D05           00179         btfss PORTA, 2    ; RA2 = 1
002D   2850           00180         goto reculer_front
002E   281D           00181         goto start
                      00182 
002F                  00183 gauche     ;RA0 = 1 RA1 = 1
002F   1D05           00184         btfss PORTA, 2    ;RA2 = 1
0030   2832           00185         goto gauche_front ;RA2=0
0031   281D           00186         goto start
                      00187         
                      00188 
0032                  00189 gauche_front
                      00190         ;On envoie 16 fronts (16 bits)
                      00191         ;RB7 a 8 bits à 1
0032   3008           00192         movlw 8
0033   0092           00193         movwf nbfront
0034                  00194 envoie_front4
0034   1786           00195         bsf PORTB, 7   ; RB7 = 1
0035   200B           00196         call tempo
0036   200B           00197         call tempo 
0037   200B           00198         call tempo 
0038   200B           00199         call tempo  ;2ms
0039   1386           00200         bcf PORTB, 7   ; RB7 = 0
003A   200B           00201         call tempo
003B   200B           00202         call tempo 
003C   200B           00203         call tempo 
003D   200B           00204         call tempo  ;2ms
003E   0B92           00205         decfsz nbfront, f
MPASM 03.90 Released                             EMISSION.ASM   5-30-2017  15:30:39         PAGE  5


LOC  OBJECT CODE     LINE SOURCE TEXT
  VALUE

003F   2834           00206         goto envoie_front4
0040   287D           00207         goto temporisation
                      00208 
0041                  00209 avancer_front
                      00210         ;On envoie 8 fronts (8 bits)
                      00211         ;RB7 a 4 bits à 1
0041   3004           00212         movlw 4
0042   0092           00213         movwf nbfront
0043                  00214 envoie_front1
0043   1786           00215         bsf PORTB, 7   ; RB7 = 1
0044   200B           00216         call tempo
0045   200B           00217         call tempo 
0046   200B           00218         call tempo 
0047   200B           00219         call tempo  ;2ms
0048   1386           00220         bcf PORTB, 7   ; RB7 = 0
0049   200B           00221         call tempo
004A   200B           00222         call tempo 
004B   200B           00223         call tempo 
004C   200B           00224         call tempo  ;2ms
004D   0B92           00225         decfsz nbfront, f
004E   2843           00226         goto envoie_front1
004F   287D           00227         goto temporisation
                      00228 
0050                  00229 reculer_front
                      00230         ;On envoie 12 fronts (12 bits)
                      00231         ;RB7 a 6 bits à 1
0050   3006           00232         movlw 6
0051   0092           00233         movwf nbfront
0052                  00234 envoie_front2
0052   1786           00235         bsf PORTB, 7   ; RB7 = 1
0053   200B           00236         call tempo
0054   200B           00237         call tempo 
0055   200B           00238         call tempo 
0056   200B           00239         call tempo  ;2ms
0057   1386           00240         bcf PORTB, 7   ; RB7 = 0
0058   200B           00241         call tempo
0059   200B           00242         call tempo 
005A   200B           00243         call tempo 
005B   200B           00244         call tempo  ;2ms
005C   0B92           00245         decfsz nbfront, f
005D   2852           00246         goto envoie_front2
005E   287D           00247         goto temporisation
                      00248 
005F                  00249 droite_front
                      00250         ;On envoie 20 bits
                      00251         ;RB7 a 10 bits à 1
005F   300A           00252         movlw 10 
0060   0092           00253         movwf nbfront
0061                  00254 envoie_front3
0061   1786           00255         bsf PORTB, 7   ; RB7 = 1
0062   200B           00256         call tempo
0063   200B           00257         call tempo 
0064   200B           00258         call tempo 
MPASM 03.90 Released                             EMISSION.ASM   5-30-2017  15:30:39         PAGE  6


LOC  OBJECT CODE     LINE SOURCE TEXT
  VALUE

0065   200B           00259         call tempo  ;2ms
0066   1386           00260         bcf PORTB, 7   ; RB7 = 0
0067   200B           00261         call tempo
0068   200B           00262         call tempo 
0069   200B           00263         call tempo 
006A   200B           00264         call tempo  ;2ms
006B   0B92           00265         decfsz nbfront, f
006C   2861           00266         goto envoie_front3
006D   287D           00267         goto temporisation
                      00268 
006E                  00269 stop_front
                      00270         ;On envoie 30 fronts
                      00271         ;RB7 a 15 bits à 1
006E   300F           00272         movlw 15
006F   0092           00273         movwf nbfront
0070                  00274 envoie_front5
0070   1786           00275         bsf PORTB, 7   ; RB7 = 1
0071   200B           00276         call tempo
0072   200B           00277         call tempo 
0073   200B           00278         call tempo 
0074   200B           00279         call tempo  ;2ms
0075   1386           00280         bcf PORTB, 7   ; RB7 = 0
0076   200B           00281         call tempo
0077   200B           00282         call tempo 
0078   200B           00283         call tempo 
0079   200B           00284         call tempo  ;2ms
007A   0B92           00285         decfsz nbfront, f
007B   2870           00286         goto envoie_front5
007C   287D           00287         goto temporisation
                      00288 
007D                  00289 temporisation
007D   2011           00290         call tempo2
                      00291         ;call tempo2 
                      00292         ;call tempo2
007E   2011           00293         call tempo2 ; 2secondes
007F   281D           00294         goto start
                      00295         
                      00296       END                ; directive fin de programme
MPASM 03.90 Released                             EMISSION.ASM   5-30-2017  15:30:39         PAGE  7


SYMBOL TABLE
  LABEL                             VALUE 

C                                 00000000
DC                                00000001
EEADR                             00000009
EECON1                            00000088
EECON2                            00000089
EEDATA                            00000008
EEIE                              00000006
EEIF                              00000004
F                                 00000001
FSR                               00000004
GIE                               00000007
INDF                              00000000
INTCON                            0000000B
INTE                              00000004
INTEDG                            00000006
INTERMASK                         00000090
INTF                              00000001
IRP                               00000007
NOT_PD                            00000003
NOT_RBPU                          00000007
NOT_TO                            00000004
OPTIONVAL                         00000040
OPTION_REG                        00000081
PCL                               00000002
PCLATH                            0000000A
PORTA                             00000005
PORTB                             00000006
PS0                               00000000
PS1                               00000001
PS2                               00000002
PSA                               00000003
RBIE                              00000003
RBIF                              00000000
RD                                00000000
RP0                               00000005
RP1                               00000006
STATUS                            00000003
T0CS                              00000005
T0IE                              00000005
T0IF                              00000002
T0SE                              00000004
TMR0                              00000001
TRISA                             00000085
TRISB                             00000086
W                                 00000000
WR                                00000001
WREN                              00000002
WRERR                             00000003
Z                                 00000002
_CP_OFF                           00003FFF
_CP_ON                            0000000F
_HS_OSC                           00003FFE
_LP_OSC                           00003FFC
MPASM 03.90 Released                             EMISSION.ASM   5-30-2017  15:30:39         PAGE  8


SYMBOL TABLE
  LABEL                             VALUE 

_PWRTE_OFF                        00003FFF
_PWRTE_ON                         00003FF7
_RC_OSC                           00003FFF
_WDT_OFF                          00003FFB
_WDT_ON                           00003FFF
_XT_OSC                           00003FFD
__16F84                           00000001
avancer_front                     00000041
avancer_gauche_stop               00000023
avancer_stop                      00000026
boucle1                           00000015
boucle2                           00000014
boucle3                           00000013
boucle4                           0000000D
cmpt1                             0000000E
cmpt2                             0000000F
cmpt3                             00000010
cmpt4                             00000011
droite                            00000029
droite_front                      0000005F
envoie_front1                     00000043
envoie_front2                     00000052
envoie_front3                     00000061
envoie_front4                     00000034
envoie_front5                     00000070
gauche                            0000002F
gauche_front                      00000032
init                              00000001
nbfront                           00000012
reculer                           0000002C
reculer_droite                    00000020
reculer_front                     00000050
start                             0000001D
status_temp                       0000000D
stop_front                        0000006E
tempo                             0000000B
tempo2                            00000011
temporisation                     0000007D
w_temp                            0000000C


MEMORY USAGE MAP ('X' = Used,  '-' = Unused)

0000 : XXXXXXXXXXXXXXXX XXXXXXXXXXXXXXXX XXXXXXXXXXXXXXXX XXXXXXXXXXXXXXXX
0040 : XXXXXXXXXXXXXXXX XXXXXXXXXXXXXXXX XXXXXXXXXXXXXXXX XXXXXXXXXXXXXXXX
2000 : -------X-------- ---------------- ---------------- ----------------

All other memory blocks unused.

Program Memory Words Used:   128
Program Memory Words Free:   896

MPASM 03.90 Released                             EMISSION.ASM   5-30-2017  15:30:39         PAGE  9






Errors   :     0
Warnings :     0 reported,     0 suppressed
Messages :     4 reported,     0 suppressed

